------------------------------------------------------------------------------------------------------------------------------------------------------------------------------------------------------------------------------------------------------------
      name:  <unnamed>
       log:  C:\Users\User\Dropbox\KTH\Research\Philantropy 2022\STATA PNAS\4. Final versions\STATA PNAS Compact\log-filer/1. Log patents.log
  log type:  text
 opened on:   3 Dec 2024, 21:23:53

. 
. //* Reads dataset for patent analysis
. use "dta-filer/Dataset_patents.dta", clear

. 
. //* Generate dummy indicating no funding present in observation
. gen Nofund=.
(4,320 missing values generated)

. replace Nofund=1 if Totfund==0
(463 real changes made)

. 
. drop if Nofund==1 /*Removes observations that completely lack funding (either R&D or university funding)*/
(463 observations deleted)

. 
. //* Defines local dummy variable categories
. local category "Category_2 Category_3 Category_4"       // Bas: Computer science

. local year "Year_2 Year_3 Year_4 Year_5 Year_6 Year_7 Year_8 Year_9 Year_10 Year_11 Year_12 Year_13 Year_14 Year_15" // Bas: 2001

. local faregion "FAreg_*"

. 
. //* Sets as yearly panel
. xtset Panelid Year, yearly
       panel variable:  Panelid (unbalanced)
        time variable:  Year, 2001 to 2015, but with gaps
                delta:  1 year

. 
. //* Winsorize financing and patents, pctile 1 and 99
. 
. winsor2 ln_Patent, replace cuts(1 99)

. winsor2 OthGov_share, replace cuts(1 99)

. winsor2 Corp_share, replace cuts(1 99)

. winsor2 Noprof_share, replace cuts(1 99)

. winsor2 FoU_share, replace cuts(1 99)

. winsor2 ln_Totfund, replace cuts(1 99)

. winsor2 ln_Pat_x, replace cuts(1 99)

. 
. winsor2 OthGov_share_x, replace cuts(1 99)

. winsor2 Corp_share_x, replace cuts(1 99)

. winsor2 Noprof_share_x, replace cuts(1 99)

. winsor2 ln_FoU, replace cuts(1 99)

. winsor2 ln_Totfund_x, replace cuts(1 99)

. 
. //* Removes observations that lack any active Higher Educational Institution
. drop if Ram==0 & OthGov==0 & Corp==0 & Noprof==0
(2,584 observations deleted)

. 
. ***************************************************
. * Regressions - Main model (R&D spending as control) negative binomial distribution
. ***************************************************
.  
. * Two year lag excluding accessibility measure
. sort Panelid Year

. nbreg F2.ln_Patent  Corp_share_x Noprof_share_x ln_Totfund_x OthGov_share_x ln_FoU `category' `year', robust nolog iterate(100)
note: you are responsible for interpretation of non-count dep. variable
note: Year_14 omitted because of collinearity
note: Year_15 omitted because of collinearity

Negative binomial regression                    Number of obs     =      1,073
                                                Wald chi2(20)     =    1395.91
Dispersion           = mean                     Prob > chi2       =     0.0000
Log pseudolikelihood = -1327.7793               Pseudo R2         =     0.2715

--------------------------------------------------------------------------------
               |               Robust
  F2.ln_Patent |      Coef.   Std. Err.      z    P>|z|     [95% Conf. Interval]
---------------+----------------------------------------------------------------
  Corp_share_x |   .6220187   .2139988     2.91   0.004     .2025888    1.041449
Noprof_share_x |   .0208496   .3166495     0.07   0.948     -.599772    .6414712
  ln_Totfund_x |   .0407343   .0151397     2.69   0.007     .0110611    .0704076
OthGov_share_x |   .0689906   .0857472     0.80   0.421    -.0990709     .237052
        ln_FoU |   .3384821    .019539    17.32   0.000     .3001863    .3767779
    Category_2 |   .9138267   .0520427    17.56   0.000     .8118248    1.015829
    Category_3 |   .1519415   .0669776     2.27   0.023     .0206677    .2832152
    Category_4 |   .2513651   .0590859     4.25   0.000     .1355589    .3671714
        Year_2 |  -.0663508   .0892918    -0.74   0.457    -.2413595    .1086578
        Year_3 |  -.3373925   .0866511    -3.89   0.000    -.5072255   -.1675594
        Year_4 |  -.3291494   .0860534    -3.82   0.000     -.497811   -.1604878
        Year_5 |   -.459147   .0895284    -5.13   0.000    -.6346194   -.2836746
        Year_6 |  -.4736864    .086849    -5.45   0.000    -.6439072   -.3034655
        Year_7 |  -.4234718   .0882649    -4.80   0.000    -.5964679   -.2504757
        Year_8 |  -.4351448   .0912556    -4.77   0.000    -.6140025   -.2562871
        Year_9 |  -.5924634   .0960483    -6.17   0.000    -.7807146   -.4042122
       Year_10 |  -.4960516   .0899539    -5.51   0.000     -.672358   -.3197452
       Year_11 |  -.5681874   .0902101    -6.30   0.000    -.7449958   -.3913789
       Year_12 |  -.6223061   .0944503    -6.59   0.000    -.8074254   -.4371869
       Year_13 |    -.63291   .0990827    -6.39   0.000    -.8271085   -.4387114
       Year_14 |          0  (omitted)
       Year_15 |          0  (omitted)
         _cons |  -2.020632   .1299923   -15.54   0.000    -2.275413   -1.765852
---------------+----------------------------------------------------------------
      /lnalpha |  -17.31857   .0308265                     -17.37899   -17.25815
---------------+----------------------------------------------------------------
         alpha |   3.01e-08   9.28e-10                      2.83e-08    3.20e-08
--------------------------------------------------------------------------------

. outreg2 using output/Pat_Table_2.doc, replace ctitle (Local patents, 2y lag) keep (OthGov_share_x Corp_share_x Noprof_share_x ln_FoU ln_Totfund_x `category' `year' )
output/Pat_Table_2.doc
dir : seeout

. 
. * Four year lag excluding accessibility measure
. nbreg F4.ln_Patent  OthGov_share_x Corp_share_x  ln_Totfund_x Noprof_share_x ln_FoU `category' `year', robust nolog iterate(100)
note: you are responsible for interpretation of non-count dep. variable
note: Year_12 omitted because of collinearity
note: Year_13 omitted because of collinearity
note: Year_14 omitted because of collinearity
note: Year_15 omitted because of collinearity

Negative binomial regression                    Number of obs     =        893
                                                Wald chi2(18)     =    1329.58
Dispersion           = mean                     Prob > chi2       =     0.0000
Log pseudolikelihood = -1062.4252               Pseudo R2         =     0.2800

--------------------------------------------------------------------------------
               |               Robust
  F4.ln_Patent |      Coef.   Std. Err.      z    P>|z|     [95% Conf. Interval]
---------------+----------------------------------------------------------------
OthGov_share_x |   .0403846   .0976116     0.41   0.679    -.1509306    .2316997
  Corp_share_x |   .7093471   .2361887     3.00   0.003     .2464258    1.172268
  ln_Totfund_x |   .0262602   .0180965     1.45   0.147    -.0092082    .0617287
Noprof_share_x |  -.2417279   .3788491    -0.64   0.523    -.9842585    .5008027
        ln_FoU |   .3767796   .0240672    15.66   0.000     .3296087    .4239505
    Category_2 |   1.044512   .0627575    16.64   0.000     .9215092    1.167514
    Category_3 |   .2523633   .0782151     3.23   0.001     .0990646     .405662
    Category_4 |    .329659   .0715257     4.61   0.000     .1894712    .4698469
        Year_2 |  -.0394829   .0861726    -0.46   0.647    -.2083782    .1294123
        Year_3 |  -.1287538   .0892553    -1.44   0.149    -.3036909    .0461833
        Year_4 |  -.1428088   .0863193    -1.65   0.098    -.3119916     .026374
        Year_5 |  -.0925611   .0880222    -1.05   0.293    -.2650815    .0799593
        Year_6 |   -.108628   .0910001    -1.19   0.233    -.2869851     .069729
        Year_7 |  -.2937804   .0947574    -3.10   0.002    -.4795014   -.1080594
        Year_8 |  -.1508517   .0905579    -1.67   0.096    -.3283419    .0266385
        Year_9 |  -.2181773   .0926614    -2.35   0.019    -.3997903   -.0365644
       Year_10 |  -.2541499   .0947842    -2.68   0.007    -.4399236   -.0683762
       Year_11 |  -.2796981   .1000424    -2.80   0.005    -.4757776   -.0836186
       Year_12 |          0  (omitted)
       Year_13 |          0  (omitted)
       Year_14 |          0  (omitted)
       Year_15 |          0  (omitted)
         _cons |  -2.620512   .1484287   -17.66   0.000    -2.911427   -2.329597
---------------+----------------------------------------------------------------
      /lnalpha |  -16.79841   .0478032                     -16.89211   -16.70472
---------------+----------------------------------------------------------------
         alpha |   5.06e-08   2.42e-09                      4.61e-08    5.56e-08
--------------------------------------------------------------------------------

. outreg2 using output/Pat_Table_2.doc, append ctitle (Local patents, 4y lag) keep (OthGov_share_x Corp_share_x Noprof_share_x ln_FoU ln_Totfund_x `category' `year')
output/Pat_Table_2.doc
dir : seeout

. 
. * Two year lag including accessibility measure
. nbreg F2.ln_Patent OthGov_share_x Corp_share_x Noprof_share_x ln_Totfund_x ln_FoU F2.ln_Pat_x `category' `year', robust nolog iterate(100)
note: you are responsible for interpretation of non-count dep. variable
note: Year_14 omitted because of collinearity
note: Year_15 omitted because of collinearity

Negative binomial regression                    Number of obs     =      1,073
                                                Wald chi2(21)     =    1395.32
Dispersion           = mean                     Prob > chi2       =     0.0000
Log pseudolikelihood = -1327.7772               Pseudo R2         =     0.2715

--------------------------------------------------------------------------------
               |               Robust
  F2.ln_Patent |      Coef.   Std. Err.      z    P>|z|     [95% Conf. Interval]
---------------+----------------------------------------------------------------
OthGov_share_x |   .0707523   .0877382     0.81   0.420    -.1012115    .2427161
  Corp_share_x |   .6282123   .2269076     2.77   0.006     .1834816    1.072943
Noprof_share_x |   .0240139   .3155764     0.08   0.939    -.5945045    .6425324
  ln_Totfund_x |    .040138   .0171438     2.34   0.019     .0065366    .0737393
        ln_FoU |    .338936    .020506    16.53   0.000      .298745     .379127
               |
      ln_Pat_x |
           F2. |  -.0029132   .0278212    -0.10   0.917    -.0574417    .0516153
               |
    Category_2 |   .9163679   .0576005    15.91   0.000     .8034729    1.029263
    Category_3 |   .1524919    .067499     2.26   0.024     .0201963    .2847874
    Category_4 |   .2515119   .0591359     4.25   0.000     .1356077    .3674161
        Year_2 |  -.0665226   .0891904    -0.75   0.456    -.2413326    .1082874
        Year_3 |   -.338268   .0866557    -3.90   0.000    -.5081101   -.1684259
        Year_4 |  -.3300878   .0858832    -3.84   0.000    -.4984158   -.1617599
        Year_5 |  -.4601716   .0892188    -5.16   0.000    -.6350372    -.285306
        Year_6 |  -.4747312   .0865424    -5.49   0.000    -.6443512   -.3051112
        Year_7 |  -.4245058   .0879592    -4.83   0.000    -.5969027   -.2521089
        Year_8 |  -.4360633   .0911901    -4.78   0.000    -.6147925    -.257334
        Year_9 |  -.5937332   .0958553    -6.19   0.000    -.7816062   -.4058603
       Year_10 |  -.4972078   .0897289    -5.54   0.000    -.6730732   -.3213424
       Year_11 |  -.5694339   .0901247    -6.32   0.000     -.746075   -.3927928
       Year_12 |  -.6231909   .0939917    -6.63   0.000    -.8074112   -.4389706
       Year_13 |   -.633941   .0989298    -6.41   0.000    -.8278398   -.4400422
       Year_14 |          0  (omitted)
       Year_15 |          0  (omitted)
         _cons |  -2.020933   .1302364   -15.52   0.000    -2.276192   -1.765674
---------------+----------------------------------------------------------------
      /lnalpha |  -17.36035   .0768894                     -17.51105   -17.20965
---------------+----------------------------------------------------------------
         alpha |   2.89e-08   2.22e-09                      2.48e-08    3.36e-08
--------------------------------------------------------------------------------

. outreg2 using output/Pat_Table_2.doc, append ctitle (Patent spillover, 2y lag) keep (OthGov_share_x Corp_share_x Noprof_share_x ln_FoU ln_Totfund_x F2.ln_Pat_x `category' `year')
output/Pat_Table_2.doc
dir : seeout

. 
. * Four year lag including accessibility measure
. nbreg F4.ln_Patent OthGov_share_x Corp_share_x  ln_Totfund_x Noprof_share_x ln_FoU F4.ln_Pat_x `category' `year', robust nolog iterate(100)
note: you are responsible for interpretation of non-count dep. variable
note: Year_12 omitted because of collinearity
note: Year_13 omitted because of collinearity
note: Year_14 omitted because of collinearity
note: Year_15 omitted because of collinearity

Negative binomial regression                    Number of obs     =        893
                                                Wald chi2(19)     =    1332.90
Dispersion           = mean                     Prob > chi2       =     0.0000
Log pseudolikelihood = -1062.3999               Pseudo R2         =     0.2800

--------------------------------------------------------------------------------
               |               Robust
  F4.ln_Patent |      Coef.   Std. Err.      z    P>|z|     [95% Conf. Interval]
---------------+----------------------------------------------------------------
OthGov_share_x |   .0472621   .0974773     0.48   0.628    -.1437899    .2383141
  Corp_share_x |   .7361001   .2446417     3.01   0.003     .2566112    1.215589
  ln_Totfund_x |    .023936   .0204339     1.17   0.241    -.0161138    .0639857
Noprof_share_x |  -.2289969   .3777959    -0.61   0.544    -.9694633    .5114695
        ln_FoU |   .3785716   .0253911    14.91   0.000     .3288059    .4283373
               |
      ln_Pat_x |
           F4. |  -.0122491   .0325021    -0.38   0.706    -.0759521    .0514538
               |
    Category_2 |   1.054572   .0694488    15.18   0.000      .918455    1.190689
    Category_3 |     .25406   .0785339     3.24   0.001     .1001364    .4079837
    Category_4 |   .3306066   .0714413     4.63   0.000     .1905843     .470629
        Year_2 |  -.0395363    .086172    -0.46   0.646    -.2084303    .1293578
        Year_3 |  -.1290862   .0892467    -1.45   0.148    -.3040066    .0458341
        Year_4 |   -.143588   .0862484    -1.66   0.096    -.3126317    .0254557
        Year_5 |  -.0935138   .0879298    -1.06   0.288    -.2658529    .0788254
        Year_6 |  -.1089762   .0910372    -1.20   0.231    -.2874058    .0694535
        Year_7 |  -.2957377     .09465    -3.12   0.002    -.4812482   -.1102271
        Year_8 |  -.1521315   .0905562    -1.68   0.093    -.3296183    .0253553
        Year_9 |  -.2197932   .0927078    -2.37   0.018    -.4014972   -.0380893
       Year_10 |  -.2544719   .0947282    -2.69   0.007    -.4401358    -.068808
       Year_11 |  -.2809459   .1000179    -2.81   0.005    -.4769774   -.0849145
       Year_12 |          0  (omitted)
       Year_13 |          0  (omitted)
       Year_14 |          0  (omitted)
       Year_15 |          0  (omitted)
         _cons |  -2.625242    .149709   -17.54   0.000    -2.918666   -2.331818
---------------+----------------------------------------------------------------
      /lnalpha |  -17.13332   .0599554                     -17.25083   -17.01581
---------------+----------------------------------------------------------------
         alpha |   3.62e-08   2.17e-09                      3.22e-08    4.08e-08
--------------------------------------------------------------------------------

. outreg2 using output/Pat_Table_2.doc, append ctitle (Patent spillover, 4y lag) keep (OthGov_share_x Corp_share_x Noprof_share_x ln_FoU ln_Totfund_x F4.ln_Pat_x `category' `year')
output/Pat_Table_2.doc
dir : seeout

. 
. ***************************************************
. * Regressions - Secondary model (R&D integrated) negative binomial distribution
. ***************************************************
. 
. //* Reads dataset for patent analysis
. use "dta-filer/Dataset_patents.dta", clear

. 
. //* Re-make Nofund variable
. gen Nofund=.
(4,320 missing values generated)

. replace Nofund=1 if Totfund==0
(463 real changes made)

. 
. //* Defines local dummy variable categories
. local category "Category_2 Category_3 Category_4"       // Bas: Computer science

. local year "Year_2 Year_3 Year_4 Year_5 Year_6 Year_7 Year_8 Year_9 Year_10 Year_11 Year_12 Year_13 Year_14 Year_15" // Bas: 2001

. local faregion "FAreg_*"

. 
. xtset Panelid Year, yearly
       panel variable:  Panelid (strongly balanced)
        time variable:  Year, 2001 to 2015
                delta:  1 year

. 
. ***************************************************
. * Winsorize financing and patents, pctile 1 and 99
. ***************************************************
. winsor2 ln_Patent, replace cuts(1 99)

. winsor2 OthGov_share, replace cuts(1 99)

. winsor2 Corp_share, replace cuts(1 99)

. winsor2 Noprof_share, replace cuts(1 99)

. winsor2 FoU_share, replace cuts(1 99)

. winsor2 ln_Totfund, replace cuts(1 99)

. winsor2 ln_Pat_x, replace cuts(1 99)

. 
. //* Removes observations that lack any active Higher Educational Institution
. drop if Ram==0 & OthGov==0 & Corp==0 & Noprof==0
(3,047 observations deleted)

. 
. * Two year lag excluding accessibility measure
. sort Panelid Year

. nbreg F2.ln_Patent OthGov_share Corp_share Noprof_share ln_Totfund FoU_share `category' `year' if Nofund!=1, robust nolog iterate(100)
note: you are responsible for interpretation of non-count dep. variable
note: Year_14 omitted because of collinearity
note: Year_15 omitted because of collinearity

Negative binomial regression                    Number of obs     =      1,073
                                                Wald chi2(20)     =    1366.58
Dispersion           = mean                     Prob > chi2       =     0.0000
Log pseudolikelihood = -1317.6158               Pseudo R2         =     0.2747

------------------------------------------------------------------------------
             |               Robust
F2.ln_Patent |      Coef.   Std. Err.      z    P>|z|     [95% Conf. Interval]
-------------+----------------------------------------------------------------
OthGov_share |   .9797055   .6304441     1.55   0.120    -.2559422    2.215353
  Corp_share |   9.011086   2.101995     4.29   0.000     4.891251    13.13092
Noprof_share |   8.038313   2.298091     3.50   0.000     3.534138    12.54249
  ln_Totfund |   .3492658   .0131253    26.61   0.000     .3235407    .3749908
   FoU_share |   1.583675   .4554795     3.48   0.001      .690952    2.476399
  Category_2 |   .8957633   .0523735    17.10   0.000     .7931131    .9984136
  Category_3 |   -.087262   .0818346    -1.07   0.286    -.2476548    .0731308
  Category_4 |   .2509295   .0609745     4.12   0.000     .1314216    .3704374
      Year_2 |  -.0644895   .0882865    -0.73   0.465     -.237528    .1085489
      Year_3 |  -.3249045   .0864925    -3.76   0.000    -.4944266   -.1553823
      Year_4 |  -.3249172   .0847694    -3.83   0.000    -.4910621   -.1587722
      Year_5 |  -.4571735   .0877451    -5.21   0.000    -.6291507   -.2851964
      Year_6 |  -.4729891   .0849112    -5.57   0.000     -.639412   -.3065662
      Year_7 |  -.4228611   .0851591    -4.97   0.000    -.5897698   -.2559525
      Year_8 |  -.4272798   .0891401    -4.79   0.000    -.6019912   -.2525684
      Year_9 |  -.5802222   .0944761    -6.14   0.000     -.765392   -.3950524
     Year_10 |  -.4799496   .0887353    -5.41   0.000    -.6538677   -.3060316
     Year_11 |  -.5533325   .0884504    -6.26   0.000    -.7266922   -.3799729
     Year_12 |  -.5909613   .0944928    -6.25   0.000    -.7761637   -.4057588
     Year_13 |  -.5901512   .0980401    -6.02   0.000    -.7823062   -.3979961
     Year_14 |          0  (omitted)
     Year_15 |          0  (omitted)
       _cons |  -3.469217    .454393    -7.63   0.000    -4.359811   -2.578623
-------------+----------------------------------------------------------------
    /lnalpha |  -17.01069   .0424465                     -17.09388    -16.9275
-------------+----------------------------------------------------------------
       alpha |   4.10e-08   1.74e-09                      3.77e-08    4.45e-08
------------------------------------------------------------------------------

. outreg2 using output/Pat_Table_3.doc, replace ctitle (Local patents, 2y lag) dec(6) keep (OthGov_share Corp_share Noprof_share FoU_share ln_Totfund `category' `year' FAreg_1-FAreg_71)
output/Pat_Table_3.doc
dir : seeout

. 
. * Four year lag excluding accessibility measure
. nbreg F4.ln_Patent  Corp_share OthGov_share Noprof_share ln_Totfund FoU_share `category' `year' if Nofund!=1, robust nolog iterate(100)
note: you are responsible for interpretation of non-count dep. variable
note: Year_12 omitted because of collinearity
note: Year_13 omitted because of collinearity
note: Year_14 omitted because of collinearity
note: Year_15 omitted because of collinearity

Negative binomial regression                    Number of obs     =        893
                                                Wald chi2(18)     =    1298.53
Dispersion           = mean                     Prob > chi2       =     0.0000
Log pseudolikelihood = -1056.1024               Pseudo R2         =     0.2829

------------------------------------------------------------------------------
             |               Robust
F4.ln_Patent |      Coef.   Std. Err.      z    P>|z|     [95% Conf. Interval]
-------------+----------------------------------------------------------------
  Corp_share |     8.3828   2.533929     3.31   0.001      3.41639    13.34921
OthGov_share |   .5437214   .7310789     0.74   0.457     -.889167     1.97661
Noprof_share |   6.324266   2.671208     2.37   0.018     1.088795    11.55974
  ln_Totfund |   .3744965    .015056    24.87   0.000     .3449873    .4040058
   FoU_share |   1.239413   .5216062     2.38   0.017     .2170831    2.261742
  Category_2 |   1.042787   .0642456    16.23   0.000     .9168675    1.168706
  Category_3 |   .0089315   .0951595     0.09   0.925    -.1775777    .1954408
  Category_4 |   .3442889   .0738586     4.66   0.000     .1995287    .4890492
      Year_2 |  -.0364965    .088183    -0.41   0.679     -.209332    .1363389
      Year_3 |  -.1267105   .0904726    -1.40   0.161    -.3040336    .0506126
      Year_4 |   -.147929   .0866994    -1.71   0.088    -.3178567    .0219986
      Year_5 |  -.1018126   .0873058    -1.17   0.244    -.2729287    .0693035
      Year_6 |  -.1208451   .0906221    -1.33   0.182    -.2984611    .0567708
      Year_7 |  -.3100829   .0946322    -3.28   0.001    -.4955585   -.1246073
      Year_8 |  -.1600108   .0903761    -1.77   0.077    -.3371447    .0171231
      Year_9 |  -.2230323    .091139    -2.45   0.014    -.4016615   -.0444032
     Year_10 |  -.2574451   .0962641    -2.67   0.007    -.4461194   -.0687709
     Year_11 |   -.282481   .1003489    -2.81   0.005    -.4791612   -.0858007
     Year_12 |          0  (omitted)
     Year_13 |          0  (omitted)
     Year_14 |          0  (omitted)
     Year_15 |          0  (omitted)
       _cons |  -3.719926   .5203418    -7.15   0.000    -4.739777   -2.700075
-------------+----------------------------------------------------------------
    /lnalpha |  -17.56628   .0569177                     -17.67784   -17.45472
-------------+----------------------------------------------------------------
       alpha |   2.35e-08   1.34e-09                      2.10e-08    2.63e-08
------------------------------------------------------------------------------

. outreg2 using output/Pat_Table_3.doc, append ctitle (Local patents, 4y lag) dec(6) keep (OthGov_share Corp_share Noprof_share FoU_share ln_Totfund `category' `year' FAreg_1-FAreg_71)
output/Pat_Table_3.doc
dir : seeout

. 
. * Two year lag including accessibility measure
. nbreg F2.ln_Patent OthGov_share Corp_share Noprof_share ln_Totfund FoU_share F2.ln_Pat_x `category' `year' if Nofund!=1, robust nolog iterate(100)
note: you are responsible for interpretation of non-count dep. variable
note: Year_14 omitted because of collinearity
note: Year_15 omitted because of collinearity

Negative binomial regression                    Number of obs     =      1,073
                                                Wald chi2(21)     =    1368.95
Dispersion           = mean                     Prob > chi2       =     0.0000
Log pseudolikelihood =  -1317.536               Pseudo R2         =     0.2747

------------------------------------------------------------------------------
             |               Robust
F2.ln_Patent |      Coef.   Std. Err.      z    P>|z|     [95% Conf. Interval]
-------------+----------------------------------------------------------------
OthGov_share |   .9050516   .6504421     1.39   0.164    -.3697916    2.179895
  Corp_share |   9.002215   2.102212     4.28   0.000     4.881956    13.12247
Noprof_share |   7.901086   2.320483     3.40   0.001     3.353024    12.44915
  ln_Totfund |   .3505397   .0134168    26.13   0.000     .3242433    .3768361
   FoU_share |   1.514013   .4801691     3.15   0.002     .5728987    2.455127
             |
    ln_Pat_x |
         F2. |   .0171676   .0249464     0.69   0.491    -.0317264    .0660616
             |
  Category_2 |    .877552   .0602592    14.56   0.000     .7594461     .995658
  Category_3 |  -.0921201   .0825029    -1.12   0.264    -.2538227    .0695826
  Category_4 |   .2500264   .0609429     4.10   0.000     .1305805    .3694722
      Year_2 |   -.063993   .0883227    -0.72   0.469    -.2371023    .1091163
      Year_3 |  -.3202525   .0864703    -3.70   0.000    -.4897313   -.1507738
      Year_4 |  -.3200677    .084725    -3.78   0.000    -.4861256   -.1540098
      Year_5 |  -.4519178   .0873103    -5.18   0.000    -.6230429   -.2807928
      Year_6 |  -.4672028    .084575    -5.52   0.000    -.6329669   -.3014388
      Year_7 |  -.4167537   .0850154    -4.90   0.000    -.5833808   -.2501266
      Year_8 |  -.4214202   .0893576    -4.72   0.000    -.5965578   -.2462825
      Year_9 |  -.5718106   .0948336    -6.03   0.000    -.7576809   -.3859402
     Year_10 |  -.4723769   .0887747    -5.32   0.000    -.6463721   -.2983816
     Year_11 |  -.5451661   .0885678    -6.16   0.000    -.7187558   -.3715764
     Year_12 |  -.5848101   .0943065    -6.20   0.000    -.7696475   -.3999728
     Year_13 |   -.583089   .0981324    -5.94   0.000    -.7754249   -.3907531
     Year_14 |          0  (omitted)
     Year_15 |          0  (omitted)
       _cons |  -3.419608   .4688399    -7.29   0.000    -4.338518   -2.500699
-------------+----------------------------------------------------------------
    /lnalpha |  -18.06307   .0708616                     -18.20195   -17.92418
-------------+----------------------------------------------------------------
       alpha |   1.43e-08   1.01e-09                      1.24e-08    1.64e-08
------------------------------------------------------------------------------

. outreg2 using output/Pat_Table_3.doc, append ctitle (Patent spillover, 2y lag) dec(6) keep (OthGov_share Corp_share Noprof_share FoU_share ln_Totfund F2.ln_Pat_x  `category' `year' FAreg_1-FAreg_71)
output/Pat_Table_3.doc
dir : seeout

. 
. * Four year lag including accessibility measure
. nbreg F4.ln_Patent OthGov_share Corp_share Noprof_share ln_Totfund FoU_share F4.ln_Pat_x `category' `year' if Nofund!=1, robust nolog iterate(100)
note: you are responsible for interpretation of non-count dep. variable
note: Year_12 omitted because of collinearity
note: Year_13 omitted because of collinearity
note: Year_14 omitted because of collinearity
note: Year_15 omitted because of collinearity

Negative binomial regression                    Number of obs     =        893
                                                Wald chi2(19)     =    1312.26
Dispersion           = mean                     Prob > chi2       =     0.0000
Log pseudolikelihood = -1055.9841               Pseudo R2         =     0.2830

------------------------------------------------------------------------------
             |               Robust
F4.ln_Patent |      Coef.   Std. Err.      z    P>|z|     [95% Conf. Interval]
-------------+----------------------------------------------------------------
OthGov_share |   .4407151   .7457135     0.59   0.555    -1.020857    1.902287
  Corp_share |    8.36899   2.533613     3.30   0.001     3.403201    13.33478
Noprof_share |   6.081992   2.714698     2.24   0.025     .7612822     11.4027
  ln_Totfund |   .3763596   .0153129    24.58   0.000     .3463469    .4063723
   FoU_share |   1.141258   .5446348     2.10   0.036     .0737937    2.208723
             |
    ln_Pat_x |
         F4. |   .0248945   .0294045     0.85   0.397    -.0327373    .0825263
             |
  Category_2 |   1.017837   .0738538    13.78   0.000     .8730862    1.162588
  Category_3 |   .0041891   .0957673     0.04   0.965    -.1835113    .1918895
  Category_4 |   .3426356   .0737871     4.64   0.000     .1980155    .4872557
      Year_2 |  -.0370989   .0880419    -0.42   0.673    -.2096578      .13546
      Year_3 |  -.1267369   .0901682    -1.41   0.160    -.3034632    .0499895
      Year_4 |  -.1470947   .0864246    -1.70   0.089    -.3164837    .0222943
      Year_5 |  -.1007117   .0871085    -1.16   0.248    -.2714411    .0700177
      Year_6 |  -.1204476   .0904245    -1.33   0.183    -.2976764    .0567812
      Year_7 |  -.3060398   .0943675    -3.24   0.001    -.4909968   -.1210828
      Year_8 |  -.1567656   .0900263    -1.74   0.082     -.333214    .0196828
      Year_9 |  -.2183788   .0906976    -2.41   0.016    -.3961427   -.0406148
     Year_10 |  -.2555746   .0961719    -2.66   0.008    -.4440681   -.0670811
     Year_11 |  -.2786579   .1000769    -2.78   0.005     -.474805   -.0825107
     Year_12 |          0  (omitted)
     Year_13 |          0  (omitted)
     Year_14 |          0  (omitted)
     Year_15 |          0  (omitted)
       _cons |  -3.643425   .5352149    -6.81   0.000    -4.692427   -2.594423
-------------+----------------------------------------------------------------
    /lnalpha |  -17.43788   .0390352                     -17.51439   -17.36138
-------------+----------------------------------------------------------------
       alpha |   2.67e-08   1.04e-09                      2.48e-08    2.88e-08
------------------------------------------------------------------------------

. outreg2 using output/Pat_Table_3.doc, append ctitle (Patent spillover, 4y lag) dec(6) keep (OthGov_share Corp_share Noprof_share FoU_share ln_Totfund F4.ln_Pat_x `category' `year' FAreg_1-FAreg_71)
output/Pat_Table_3.doc
dir : seeout

. 
. 
end of do-file

. do "C:\Users\User\AppData\Local\Temp\STD2b8c_000000.tmp"

. * This is a subprogram
. * 
. * Updated:      2024-12-03
. 
. //* Set STATA version
. version 15

. clear matrix

. capture log close
